<?xml version="1.0" encoding="UTF-8"?>
<testng-results skipped="0" failed="0" ignored="2" total="7" passed="5">
  <reporter-output>
  </reporter-output>
  <suite name="Suite" duration-ms="1072485" started-at="2017-09-14T16:08:58Z" finished-at="2017-09-14T16:26:50Z">
    <groups>
      <group name="jpg">
        <method signature="pdf2Img.pdf2ImgJpgTest()[pri:0, instance:pdf2ImgWebTest.pdf2Img@5c3bd550]" name="pdf2ImgJpgTest" class="pdf2ImgWebTest.pdf2Img"/>
      </group> <!-- jpg -->
      <group name="tif">
        <method signature="pdf2Img.pdf2TifJpgTest()[pri:0, instance:pdf2ImgWebTest.pdf2Img@5c3bd550]" name="pdf2TifJpgTest" class="pdf2ImgWebTest.pdf2Img"/>
      </group> <!-- tif -->
      <group name="bmp">
        <method signature="pdf2Img.pdf2ImgBmpTest()[pri:0, instance:pdf2ImgWebTest.pdf2Img@5c3bd550]" name="pdf2ImgBmpTest" class="pdf2ImgWebTest.pdf2Img"/>
      </group> <!-- bmp -->
      <group name="gif">
        <method signature="pdf2Img.pdf2ImgGifTest()[pri:0, instance:pdf2ImgWebTest.pdf2Img@5c3bd550]" name="pdf2ImgGifTest" class="pdf2ImgWebTest.pdf2Img"/>
      </group> <!-- gif -->
      <group name="png">
        <method signature="pdf2Img.pdf2ImgPngTest()[pri:0, instance:pdf2ImgWebTest.pdf2Img@5c3bd550]" name="pdf2ImgPngTest" class="pdf2ImgWebTest.pdf2Img"/>
      </group> <!-- png -->
    </groups>
    <test name="chrome" duration-ms="1072485" started-at="2017-09-14T16:08:58Z" finished-at="2017-09-14T16:26:50Z">
      <class name="pdf2ImgWebTest.pdf2Img">
        <test-method status="PASS" signature="setUp(java.lang.String)[pri:0, instance:pdf2ImgWebTest.pdf2Img@5c3bd550]" name="setUp" is-config="true" duration-ms="1847" started-at="2017-09-14T11:08:58Z" finished-at="2017-09-14T11:09:00Z">
          <params>
            <param index="0">
              <value>
                <![CDATA[chrome]]>
              </value>
            </param>
          </params>
          <reporter-output>
          </reporter-output>
        </test-method> <!-- setUp -->
        <test-method status="PASS" signature="pdf2ImgBmpTest()[pri:0, instance:pdf2ImgWebTest.pdf2Img@5c3bd550]" name="pdf2ImgBmpTest" duration-ms="221821" started-at="2017-09-14T11:09:00Z" finished-at="2017-09-14T11:12:41Z">
          <reporter-output>
          </reporter-output>
        </test-method> <!-- pdf2ImgBmpTest -->
        <test-method status="PASS" signature="pdf2ImgGifTest()[pri:0, instance:pdf2ImgWebTest.pdf2Img@5c3bd550]" name="pdf2ImgGifTest" duration-ms="207585" started-at="2017-09-14T11:12:41Z" finished-at="2017-09-14T11:16:09Z">
          <reporter-output>
          </reporter-output>
        </test-method> <!-- pdf2ImgGifTest -->
        <test-method status="PASS" signature="pdf2ImgJpgTest()[pri:0, instance:pdf2ImgWebTest.pdf2Img@5c3bd550]" name="pdf2ImgJpgTest" duration-ms="207258" started-at="2017-09-14T11:16:09Z" finished-at="2017-09-14T11:19:36Z">
          <reporter-output>
          </reporter-output>
        </test-method> <!-- pdf2ImgJpgTest -->
        <test-method status="PASS" signature="pdf2ImgPngTest()[pri:0, instance:pdf2ImgWebTest.pdf2Img@5c3bd550]" name="pdf2ImgPngTest" duration-ms="223865" started-at="2017-09-14T11:19:36Z" finished-at="2017-09-14T11:23:20Z">
          <reporter-output>
          </reporter-output>
        </test-method> <!-- pdf2ImgPngTest -->
        <test-method status="PASS" signature="pdf2TifJpgTest()[pri:0, instance:pdf2ImgWebTest.pdf2Img@5c3bd550]" name="pdf2TifJpgTest" duration-ms="207848" started-at="2017-09-14T11:23:20Z" finished-at="2017-09-14T11:26:48Z">
          <reporter-output>
          </reporter-output>
        </test-method> <!-- pdf2TifJpgTest -->
        <test-method status="PASS" signature="quitDriver()[pri:0, instance:pdf2ImgWebTest.pdf2Img@5c3bd550]" name="quitDriver" is-config="true" duration-ms="2209" started-at="2017-09-14T11:26:48Z" finished-at="2017-09-14T11:26:50Z">
          <reporter-output>
          </reporter-output>
        </test-method> <!-- quitDriver -->
      </class> <!-- pdf2ImgWebTest.pdf2Img -->
    </test> <!-- chrome -->
  </suite> <!-- Suite -->
</testng-results>
